Determining if the pthread_create exist failed with the following output:
Change Dir: /home/fabian/Documents/IMACRUN/MagImacRun/build/CMakeFiles/CMakeTmp

Run Build Command:"/usr/bin/make" "cmTC_ec310/fast"
/usr/bin/make -f CMakeFiles/cmTC_ec310.dir/build.make CMakeFiles/cmTC_ec310.dir/build
make[1] : on entre dans le répertoire « /home/fabian/Documents/IMACRUN/MagImacRun/build/CMakeFiles/CMakeTmp »
Building C object CMakeFiles/cmTC_ec310.dir/CheckSymbolExists.c.o
/usr/bin/cc    -o CMakeFiles/cmTC_ec310.dir/CheckSymbolExists.c.o   -c /home/fabian/Documents/IMACRUN/MagImacRun/build/CMakeFiles/CMakeTmp/CheckSymbolExists.c
Linking C executable cmTC_ec310
/usr/bin/cmake -E cmake_link_script CMakeFiles/cmTC_ec310.dir/link.txt --verbose=1
/usr/bin/cc      -rdynamic CMakeFiles/cmTC_ec310.dir/CheckSymbolExists.c.o  -o cmTC_ec310 
/usr/bin/ld: CMakeFiles/cmTC_ec310.dir/CheckSymbolExists.c.o: in function `main':
CheckSymbolExists.c:(.text+0x1b): undefined reference to `pthread_create'
collect2: error: ld returned 1 exit status
make[1]: *** [CMakeFiles/cmTC_ec310.dir/build.make:87: cmTC_ec310] Error 1
make[1] : on quitte le répertoire « /home/fabian/Documents/IMACRUN/MagImacRun/build/CMakeFiles/CMakeTmp »
make: *** [Makefile:121: cmTC_ec310/fast] Error 2

File /home/fabian/Documents/IMACRUN/MagImacRun/build/CMakeFiles/CMakeTmp/CheckSymbolExists.c:
/* */
#include <pthread.h>

int main(int argc, char** argv)
{
  (void)argv;
#ifndef pthread_create
  return ((int*)(&pthread_create))[argc];
#else
  (void)argc;
  return 0;
#endif
}

Determining if the function pthread_create exists in the pthreads failed with the following output:
Change Dir: /home/fabian/Documents/IMACRUN/MagImacRun/build/CMakeFiles/CMakeTmp

Run Build Command:"/usr/bin/make" "cmTC_e05df/fast"
/usr/bin/make -f CMakeFiles/cmTC_e05df.dir/build.make CMakeFiles/cmTC_e05df.dir/build
make[1] : on entre dans le répertoire « /home/fabian/Documents/IMACRUN/MagImacRun/build/CMakeFiles/CMakeTmp »
Building C object CMakeFiles/cmTC_e05df.dir/CheckFunctionExists.c.o
/usr/bin/cc   -DCHECK_FUNCTION_EXISTS=pthread_create   -o CMakeFiles/cmTC_e05df.dir/CheckFunctionExists.c.o   -c /usr/share/cmake-3.13/Modules/CheckFunctionExists.c
Linking C executable cmTC_e05df
/usr/bin/cmake -E cmake_link_script CMakeFiles/cmTC_e05df.dir/link.txt --verbose=1
/usr/bin/cc  -DCHECK_FUNCTION_EXISTS=pthread_create    -rdynamic CMakeFiles/cmTC_e05df.dir/CheckFunctionExists.c.o  -o cmTC_e05df -lpthreads 
/usr/bin/ld : ne peut trouver -lpthreads
collect2: error: ld returned 1 exit status
make[1]: *** [CMakeFiles/cmTC_e05df.dir/build.make:87: cmTC_e05df] Error 1
make[1] : on quitte le répertoire « /home/fabian/Documents/IMACRUN/MagImacRun/build/CMakeFiles/CMakeTmp »
make: *** [Makefile:121: cmTC_e05df/fast] Error 2


